<?xml version="1.0" encoding="UTF-8"?>
<robot generator="Robot 4.1.3 (Python 3.10.2 on win32)" generated="20220220 12:45:30.093" rpa="false" schemaversion="2">
<suite id="s1" name="Login tests" source="C:\Users\emmab\PycharmProjects\Google_Tests\Tests\Login_tests.robot">
<test id="s1-t1" name="Test Login">
<kw name="Launch browser" library="Google_Automation">
<kw name="Open Browser" library="SeleniumLibrary">
<arg>${URL}</arg>
<arg>${BROWSER}</arg>
<doc>Opens a new browser instance to the optional ``url``.</doc>
<msg timestamp="20220220 12:45:30.670" level="INFO">Opening browser 'CHROME' to base url 'https://www.google.com/'.</msg>
<status status="PASS" starttime="20220220 12:45:30.670" endtime="20220220 12:45:33.370"/>
</kw>
<kw name="Maximize Browser Window" library="SeleniumLibrary">
<doc>Maximizes current browser window.</doc>
<status status="PASS" starttime="20220220 12:45:33.370" endtime="20220220 12:45:33.500"/>
</kw>
<status status="PASS" starttime="20220220 12:45:30.670" endtime="20220220 12:45:33.501"/>
</kw>
<kw name="Enter search Details" library="Google_Automation">
<kw name="Wait Until Element Is Enabled" library="SeleniumLibrary">
<arg>${AGREE_FORM}</arg>
<arg>5s</arg>
<doc>Waits until the element ``locator`` is enabled.</doc>
<status status="PASS" starttime="20220220 12:45:33.501" endtime="20220220 12:45:33.544"/>
</kw>
<kw name="Click Element" library="SeleniumLibrary">
<arg>${AGREE_FORM}</arg>
<doc>Click the element identified by ``locator``.</doc>
<msg timestamp="20220220 12:45:33.544" level="INFO">Clicking element 'xpath://*[@id="L2AGLb"]/div'.</msg>
<status status="PASS" starttime="20220220 12:45:33.544" endtime="20220220 12:45:33.603"/>
</kw>
<kw name="Click Element" library="SeleniumLibrary">
<arg>${SEARCH_FIELD}</arg>
<doc>Click the element identified by ``locator``.</doc>
<msg timestamp="20220220 12:45:33.604" level="INFO">Clicking element 'name:q'.</msg>
<status status="PASS" starttime="20220220 12:45:33.603" endtime="20220220 12:45:33.654"/>
</kw>
<kw name="Input Text" library="SeleniumLibrary">
<arg>${SEARCH_FIELD}</arg>
<arg>${SEARCH_ITEM}</arg>
<doc>Types the given ``text`` into the text field identified by ``locator``.</doc>
<msg timestamp="20220220 12:45:33.655" level="INFO">Typing text 'Cars' into text field 'name:q'.</msg>
<status status="PASS" starttime="20220220 12:45:33.655" endtime="20220220 12:45:33.723"/>
</kw>
<kw name="Click Element" library="SeleniumLibrary">
<arg>${SEARCH_BUTTON}</arg>
<doc>Click the element identified by ``locator``.</doc>
<msg timestamp="20220220 12:45:33.724" level="INFO">Clicking element 'xpath://div[@class='FPdoLc lJ9FBc']//input[@name='btnK']'.</msg>
<status status="PASS" starttime="20220220 12:45:33.723" endtime="20220220 12:45:35.964"/>
</kw>
<kw name="Clear Element Text" library="SeleniumLibrary">
<arg>${SEARCH_FIELD}</arg>
<doc>Clears the value of the text-input-element identified by ``locator``.</doc>
<status status="PASS" starttime="20220220 12:45:35.964" endtime="20220220 12:45:35.998"/>
</kw>
<kw name="Input Text" library="SeleniumLibrary">
<arg>${SEARCH_FIELD}</arg>
<arg>World Map</arg>
<doc>Types the given ``text`` into the text field identified by ``locator``.</doc>
<msg timestamp="20220220 12:45:35.999" level="INFO">Typing text 'World Map' into text field 'name:q'.</msg>
<status status="PASS" starttime="20220220 12:45:35.998" endtime="20220220 12:45:36.088"/>
</kw>
<kw name="Click Element" library="SeleniumLibrary">
<arg>${SEARCH_BUTTON_1}</arg>
<doc>Click the element identified by ``locator``.</doc>
<msg timestamp="20220220 12:45:36.088" level="INFO">Clicking element 'xpath://span[@class='z1asCe MZy1Rb']//*[name()='svg']'.</msg>
<status status="PASS" starttime="20220220 12:45:36.088" endtime="20220220 12:45:37.455"/>
</kw>
<kw name="Clear Element Text" library="SeleniumLibrary">
<arg>${SEARCH_FIELD}</arg>
<doc>Clears the value of the text-input-element identified by ``locator``.</doc>
<status status="PASS" starttime="20220220 12:45:37.455" endtime="20220220 12:45:37.491"/>
</kw>
<kw name="Input Text" library="SeleniumLibrary">
<arg>${SEARCH_FIELD}</arg>
<arg>buldozer</arg>
<doc>Types the given ``text`` into the text field identified by ``locator``.</doc>
<msg timestamp="20220220 12:45:37.492" level="INFO">Typing text 'buldozer' into text field 'name:q'.</msg>
<status status="PASS" starttime="20220220 12:45:37.491" endtime="20220220 12:45:37.568"/>
</kw>
<kw name="Click Element" library="SeleniumLibrary">
<arg>${SEARCH_BUTTON_1}</arg>
<doc>Click the element identified by ``locator``.</doc>
<msg timestamp="20220220 12:45:37.568" level="INFO">Clicking element 'xpath://span[@class='z1asCe MZy1Rb']//*[name()='svg']'.</msg>
<status status="PASS" starttime="20220220 12:45:37.568" endtime="20220220 12:45:38.945"/>
</kw>
<status status="PASS" starttime="20220220 12:45:33.501" endtime="20220220 12:45:38.945"/>
</kw>
<kw name="Data Driven" library="Google_Automation">
<kw name="City" library="FakerLibrary">
<var>${City}</var>
<doc>:example: 'Sashabury'</doc>
<msg timestamp="20220220 12:45:38.947" level="INFO">${City} = Port Robert</msg>
<status status="PASS" starttime="20220220 12:45:38.946" endtime="20220220 12:45:38.947"/>
</kw>
<kw name="Log" library="BuiltIn">
<arg>${City}</arg>
<doc>Logs the given message with the given level.</doc>
<msg timestamp="20220220 12:45:38.947" level="INFO">Port Robert</msg>
<status status="PASS" starttime="20220220 12:45:38.947" endtime="20220220 12:45:38.947"/>
</kw>
<kw name="Set Test Variable" library="BuiltIn">
<arg>${City}</arg>
<doc>Makes a variable available everywhere within the scope of the current test.</doc>
<msg timestamp="20220220 12:45:38.947" level="INFO">${City} = Port Robert</msg>
<status status="PASS" starttime="20220220 12:45:38.947" endtime="20220220 12:45:38.947"/>
</kw>
<kw name="Set Selenium Speed" library="SeleniumLibrary">
<arg>1</arg>
<doc>Sets the delay that is waited after each Selenium command.</doc>
<status status="PASS" starttime="20220220 12:45:38.947" endtime="20220220 12:45:38.948"/>
</kw>
<kw name="Input Text" library="SeleniumLibrary">
<arg>name:q</arg>
<arg>${City}</arg>
<doc>Types the given ``text`` into the text field identified by ``locator``.</doc>
<msg timestamp="20220220 12:45:38.948" level="INFO">Typing text 'Port Robert' into text field 'name:q'.</msg>
<status status="PASS" starttime="20220220 12:45:38.948" endtime="20220220 12:45:42.086"/>
</kw>
<kw name="Click Element" library="SeleniumLibrary">
<arg>${SEARCH_BUTTON_1}</arg>
<doc>Click the element identified by ``locator``.</doc>
<msg timestamp="20220220 12:45:42.087" level="INFO">Clicking element 'xpath://span[@class='z1asCe MZy1Rb']//*[name()='svg']'.</msg>
<status status="PASS" starttime="20220220 12:45:42.086" endtime="20220220 12:45:46.209"/>
</kw>
<status status="PASS" starttime="20220220 12:45:38.946" endtime="20220220 12:45:46.210"/>
</kw>
<kw name="Automotive" library="Google_Automation">
<kw name="Country" library="FakerLibrary">
<var>${Country}</var>
<msg timestamp="20220220 12:45:46.210" level="INFO">${Country} = Saint Barthelemy</msg>
<status status="PASS" starttime="20220220 12:45:46.210" endtime="20220220 12:45:46.210"/>
</kw>
<kw name="Log" library="BuiltIn">
<arg>${Country}</arg>
<doc>Logs the given message with the given level.</doc>
<msg timestamp="20220220 12:45:46.210" level="INFO">Saint Barthelemy</msg>
<status status="PASS" starttime="20220220 12:45:46.210" endtime="20220220 12:45:46.210"/>
</kw>
<kw name="Set Test Variable" library="BuiltIn">
<arg>${Country}</arg>
<doc>Makes a variable available everywhere within the scope of the current test.</doc>
<msg timestamp="20220220 12:45:46.213" level="INFO">${Country} = Saint Barthelemy</msg>
<status status="PASS" starttime="20220220 12:45:46.210" endtime="20220220 12:45:46.213"/>
</kw>
<kw name="Set Selenium Speed" library="SeleniumLibrary">
<arg>1</arg>
<doc>Sets the delay that is waited after each Selenium command.</doc>
<status status="PASS" starttime="20220220 12:45:46.213" endtime="20220220 12:45:46.213"/>
</kw>
<kw name="Input Text" library="SeleniumLibrary">
<arg>name:q</arg>
<arg>${Country}</arg>
<doc>Types the given ``text`` into the text field identified by ``locator``.</doc>
<msg timestamp="20220220 12:45:46.213" level="INFO">Typing text 'Saint Barthelemy' into text field 'name:q'.</msg>
<status status="PASS" starttime="20220220 12:45:46.213" endtime="20220220 12:45:49.362"/>
</kw>
<kw name="Click Element" library="SeleniumLibrary">
<arg>${SEARCH_BUTTON_1}</arg>
<doc>Click the element identified by ``locator``.</doc>
<msg timestamp="20220220 12:45:49.362" level="INFO">Clicking element 'xpath://span[@class='z1asCe MZy1Rb']//*[name()='svg']'.</msg>
<status status="PASS" starttime="20220220 12:45:49.362" endtime="20220220 12:45:53.400"/>
</kw>
<status status="PASS" starttime="20220220 12:45:46.210" endtime="20220220 12:45:53.400"/>
</kw>
<kw name="Currency search" library="Google_Automation">
<kw name="Currency" library="FakerLibrary">
<var>${Currency}</var>
<msg timestamp="20220220 12:45:53.401" level="INFO">${Currency} = ('PYG', 'Paraguayan guarani')</msg>
<status status="PASS" starttime="20220220 12:45:53.401" endtime="20220220 12:45:53.401"/>
</kw>
<kw name="Log" library="BuiltIn">
<arg>${Currency}</arg>
<doc>Logs the given message with the given level.</doc>
<msg timestamp="20220220 12:45:53.401" level="INFO">('PYG', 'Paraguayan guarani')</msg>
<status status="PASS" starttime="20220220 12:45:53.401" endtime="20220220 12:45:53.401"/>
</kw>
<kw name="Set Test Variable" library="BuiltIn">
<arg>${Currency}</arg>
<doc>Makes a variable available everywhere within the scope of the current test.</doc>
<msg timestamp="20220220 12:45:53.401" level="INFO">${Currency} = ('PYG', 'Paraguayan guarani')</msg>
<status status="PASS" starttime="20220220 12:45:53.401" endtime="20220220 12:45:53.401"/>
</kw>
<kw name="Set Selenium Speed" library="SeleniumLibrary">
<arg>1</arg>
<doc>Sets the delay that is waited after each Selenium command.</doc>
<status status="PASS" starttime="20220220 12:45:53.401" endtime="20220220 12:45:53.401"/>
</kw>
<kw name="Input Text" library="SeleniumLibrary">
<arg>name:q</arg>
<arg>${Currency}</arg>
<doc>Types the given ``text`` into the text field identified by ``locator``.</doc>
<msg timestamp="20220220 12:45:53.401" level="INFO">Typing text '('PYG', 'Paraguayan guarani')' into text field 'name:q'.</msg>
<status status="PASS" starttime="20220220 12:45:53.401" endtime="20220220 12:45:56.546"/>
</kw>
<kw name="Click Element" library="SeleniumLibrary">
<arg>${SEARCH_BUTTON_1}</arg>
<doc>Click the element identified by ``locator``.</doc>
<msg timestamp="20220220 12:45:56.546" level="INFO">Clicking element 'xpath://span[@class='z1asCe MZy1Rb']//*[name()='svg']'.</msg>
<status status="PASS" starttime="20220220 12:45:56.546" endtime="20220220 12:46:00.035"/>
</kw>
<status status="PASS" starttime="20220220 12:45:53.401" endtime="20220220 12:46:00.036"/>
</kw>
<status status="PASS" starttime="20220220 12:45:30.670" endtime="20220220 12:46:00.037"/>
</test>
<test id="s1-t2" name="Search For Fashionable Items">
<kw name="Fashion" library="Google_Automation">
<kw name="Launch browser" library="Google_Automation">
<kw name="Open Browser" library="SeleniumLibrary">
<arg>${URL}</arg>
<arg>${BROWSER}</arg>
<doc>Opens a new browser instance to the optional ``url``.</doc>
<msg timestamp="20220220 12:46:00.037" level="INFO">Opening browser 'CHROME' to base url 'https://www.google.com/'.</msg>
<status status="PASS" starttime="20220220 12:46:00.037" endtime="20220220 12:46:02.900"/>
</kw>
<kw name="Maximize Browser Window" library="SeleniumLibrary">
<doc>Maximizes current browser window.</doc>
<status status="PASS" starttime="20220220 12:46:02.901" endtime="20220220 12:46:04.035"/>
</kw>
<status status="PASS" starttime="20220220 12:46:00.037" endtime="20220220 12:46:04.035"/>
</kw>
<kw name="Wait Until Element Is Enabled" library="SeleniumLibrary">
<arg>${AGREE_FORM}</arg>
<arg>5s</arg>
<doc>Waits until the element ``locator`` is enabled.</doc>
<status status="PASS" starttime="20220220 12:46:04.035" endtime="20220220 12:46:07.076"/>
</kw>
<kw name="Click Element" library="SeleniumLibrary">
<arg>${AGREE_FORM}</arg>
<doc>Click the element identified by ``locator``.</doc>
<msg timestamp="20220220 12:46:07.077" level="INFO">Clicking element 'xpath://*[@id="L2AGLb"]/div'.</msg>
<status status="PASS" starttime="20220220 12:46:07.076" endtime="20220220 12:46:09.133"/>
</kw>
<kw name="Click Element" library="SeleniumLibrary">
<arg>${SEARCH_FIELD}</arg>
<doc>Click the element identified by ``locator``.</doc>
<msg timestamp="20220220 12:46:09.133" level="INFO">Clicking element 'name:q'.</msg>
<status status="PASS" starttime="20220220 12:46:09.133" endtime="20220220 12:46:11.185"/>
</kw>
<kw name="Clear Element Text" library="SeleniumLibrary">
<arg>${SEARCH_FIELD}</arg>
<doc>Clears the value of the text-input-element identified by ``locator``.</doc>
<status status="PASS" starttime="20220220 12:46:11.185" endtime="20220220 12:46:13.217"/>
</kw>
<kw name="Input Text" library="SeleniumLibrary">
<arg>${SEARCH_FIELD}</arg>
<arg>${ITEM_JEAN}</arg>
<doc>Types the given ``text`` into the text field identified by ``locator``.</doc>
<msg timestamp="20220220 12:46:13.217" level="INFO">Typing text 'Jeans' into text field 'name:q'.</msg>
<status status="PASS" starttime="20220220 12:46:13.217" endtime="20220220 12:46:16.303"/>
</kw>
<kw name="Click Element" library="SeleniumLibrary">
<arg>${SEARCH_BUTTON_2}</arg>
<doc>Click the element identified by ``locator``.</doc>
<msg timestamp="20220220 12:46:16.304" level="INFO">Clicking element 'name:btnK'.</msg>
<status status="PASS" starttime="20220220 12:46:16.304" endtime="20220220 12:46:21.541"/>
</kw>
<kw name="Clear Element Text" library="SeleniumLibrary">
<arg>${SEARCH_FIELD}</arg>
<doc>Clears the value of the text-input-element identified by ``locator``.</doc>
<status status="PASS" starttime="20220220 12:46:21.541" endtime="20220220 12:46:23.586"/>
</kw>
<kw name="Input Text" library="SeleniumLibrary">
<arg>${SEARCH_FIELD}</arg>
<arg>${ITEM_SKIRTS}</arg>
<doc>Types the given ``text`` into the text field identified by ``locator``.</doc>
<msg timestamp="20220220 12:46:23.586" level="INFO">Typing text 'Skirts' into text field 'name:q'.</msg>
<status status="PASS" starttime="20220220 12:46:23.586" endtime="20220220 12:46:26.698"/>
</kw>
<kw name="Click Element" library="SeleniumLibrary">
<arg>${SEARCH_BUTTON_3}</arg>
<doc>Click the element identified by ``locator``.</doc>
<msg timestamp="20220220 12:46:26.698" level="INFO">Clicking element 'xpath://*[@id="tsf"]/div[1]/div[1]/div[2]/div[1]/button'.</msg>
<status status="PASS" starttime="20220220 12:46:26.698" endtime="20220220 12:46:30.649"/>
</kw>
<status status="PASS" starttime="20220220 12:46:00.037" endtime="20220220 12:46:30.649"/>
</kw>
<status status="PASS" starttime="20220220 12:46:00.037" endtime="20220220 12:46:30.649"/>
</test>
<kw name="Close Browser" library="SeleniumLibrary" type="TEARDOWN">
<doc>Closes the current browser.</doc>
<status status="PASS" starttime="20220220 12:46:30.649" endtime="20220220 12:46:33.742"/>
</kw>
<doc>check Google Search variables</doc>
<status status="PASS" starttime="20220220 12:45:30.093" endtime="20220220 12:46:33.742"/>
</suite>
<statistics>
<total>
<stat pass="2" fail="0" skip="0">All Tests</stat>
</total>
<tag>
</tag>
<suite>
<stat pass="2" fail="0" skip="0" id="s1" name="Login tests">Login tests</stat>
</suite>
</statistics>
<errors>
</errors>
</robot>
