<?xml version="1.0" encoding="UTF-8"?>
<robot generator="Robot 4.1.3 (Python 3.10.2 on win32)" generated="20220129 02:40:52.455" rpa="false" schemaversion="2">
<suite id="s1" name="Facebook Login" source="C:\Users\emmab\PycharmProjects\Facebook_test\Tests\Facebook_Login.robot">
<test id="s1-t1" name="Login procedures">
<kw name="Lunch browser" library="Facebook_LoginResources">
<kw name="Open Browser" library="SeleniumLibrary">
<arg>${URL}</arg>
<arg>${BROWSER}</arg>
<doc>Opens a new browser instance to the optional ``url``.</doc>
<msg timestamp="20220129 02:40:52.584" level="INFO">Opening browser 'CHROME' to base url 'https://www.facebook.com/login/?privacy_mutation_token=eyJ0eXBlIjowLCJjcmVhdGlvbl90aW1lIjoxNjQzNDE2NDk2LCJjYWxsc2l0ZV9pZCI6MzgxMjI5MDc5NTc1OTQ2fQ%3D%3D'.</msg>
<status status="PASS" starttime="20220129 02:40:52.584" endtime="20220129 02:40:54.668"/>
</kw>
<kw name="Maximize Browser Window" library="SeleniumLibrary">
<doc>Maximizes current browser window.</doc>
<status status="PASS" starttime="20220129 02:40:54.669" endtime="20220129 02:40:54.796"/>
</kw>
<status status="PASS" starttime="20220129 02:40:52.583" endtime="20220129 02:40:54.796"/>
</kw>
<kw name="Input Login Credentials" library="Facebook_LoginResources">
<kw name="Input Text" library="SeleniumLibrary">
<arg>${USERNAME_FIELD}</arg>
<arg>${USER_USERNAME}</arg>
<doc>Types the given ``text`` into the text field identified by ``locator``.</doc>
<msg timestamp="20220129 02:40:54.798" level="INFO">Typing text 'emmaisongokon@yahoo.com' into text field 'id:email'.</msg>
<status status="PASS" starttime="20220129 02:40:54.797" endtime="20220129 02:40:54.878"/>
</kw>
<kw name="Input Text" library="SeleniumLibrary">
<arg>${PASSWORD_FIELD}</arg>
<arg>${USER_PASSWORD}</arg>
<doc>Types the given ``text`` into the text field identified by ``locator``.</doc>
<msg timestamp="20220129 02:40:54.879" level="INFO">Typing text 'PRECIOUSEMMA200' into text field 'id:pass'.</msg>
<status status="PASS" starttime="20220129 02:40:54.879" endtime="20220129 02:40:54.947"/>
</kw>
<kw name="Click Element" library="SeleniumLibrary">
<arg>${LOGIN_BTN}</arg>
<doc>Click the element identified by ``locator``.</doc>
<msg timestamp="20220129 02:40:54.948" level="INFO">Clicking element 'name:login'.</msg>
<msg timestamp="20220129 02:40:56.177" level="INFO" html="true">&lt;/td&gt;&lt;/tr&gt;&lt;tr&gt;&lt;td colspan="3"&gt;&lt;a href="selenium-screenshot-6.png"&gt;&lt;img src="selenium-screenshot-6.png" width="800px"&gt;&lt;/a&gt;</msg>
<msg timestamp="20220129 02:40:56.185" level="FAIL">ElementClickInterceptedException: Message: element click intercepted: Element &lt;button value="1" class="_42ft _4jy0 _52e0 _4jy6 _4jy1 selected _51sy" id="loginbutton" name="login" tabindex="0" type="submit"&gt;...&lt;/button&gt; is not clickable at point (759, 341). Other element would receive the click: &lt;div class="_9xl4"&gt;...&lt;/div&gt;
  (Session info: chrome=97.0.4692.99)
Stacktrace:
Backtrace:
	Ordinal0 [0x00F6FDC3+2555331]
	Ordinal0 [0x00F077F1+2127857]
	Ordinal0 [0x00E02E08+1060360]
	Ordinal0 [0x00E348CF+1263823]
	Ordinal0 [0x00E32B10+1256208]
	Ordinal0 [0x00E3076B+1247083]
	Ordinal0 [0x00E2F559+1242457]
	Ordinal0 [0x00E24FB3+1200051]
	Ordinal0 [0x00E47B0C+1342220]
	Ordinal0 [0x00E24984+1198468]
	Ordinal0 [0x00E47C14+1342484]
	Ordinal0 [0x00E575FA+1406458]
	Ordinal0 [0x00E47976+1341814]
	Ordinal0 [0x00E236B6+1193654]
	Ordinal0 [0x00E24546+1197382]
	GetHandleVerifier [0x01109622+1619522]
	GetHandleVerifier [0x011B882C+2336844]
	GetHandleVerifier [0x010023E1+541697]
	GetHandleVerifier [0x01001443+537699]
	Ordinal0 [0x00F0D18E+2150798]
	Ordinal0 [0x00F11518+2168088]
	Ordinal0 [0x00F11660+2168416]
	Ordinal0 [0x00F1B330+2208560]
	BaseThreadInitThunk [0x76D66739+25]
	RtlGetFullPathName_UEx [0x77E28AFF+1215]
	RtlGetFullPathName_UEx [0x77E28ACD+1165]
</msg>
<status status="FAIL" starttime="20220129 02:40:54.948" endtime="20220129 02:40:56.185"/>
</kw>
<kw name="Click Element" library="SeleniumLibrary">
<arg>id:u_0_i_7O</arg>
<doc>Click the element identified by ``locator``.</doc>
<status status="NOT RUN" starttime="20220129 02:40:56.185" endtime="20220129 02:40:56.186"/>
</kw>
<status status="FAIL" starttime="20220129 02:40:54.796" endtime="20220129 02:40:56.186"/>
</kw>
<status status="FAIL" starttime="20220129 02:40:52.583" endtime="20220129 02:40:56.187">ElementClickInterceptedException: Message: element click intercepted: Element &lt;button value="1" class="_42ft _4jy0 _52e0 _4jy6 _4jy1 selected _51sy" id="loginbutton" name="login" tabindex="0" type="submit"&gt;...&lt;/button&gt; is not clickable at point (759, 341). Other element would receive the click: &lt;div class="_9xl4"&gt;...&lt;/div&gt;
  (Session info: chrome=97.0.4692.99)
Stacktrace:
Backtrace:
	Ordinal0 [0x00F6FDC3+2555331]
	Ordinal0 [0x00F077F1+2127857]
	Ordinal0 [0x00E02E08+1060360]
	Ordinal0 [0x00E348CF+1263823]
	Ordinal0 [0x00E32B10+1256208]
	Ordinal0 [0x00E3076B+1247083]
	Ordinal0 [0x00E2F559+1242457]
	Ordinal0 [0x00E24FB3+1200051]
	Ordinal0 [0x00E47B0C+1342220]
	Ordinal0 [0x00E24984+1198468]
	Ordinal0 [0x00E47C14+1342484]
	Ordinal0 [0x00E575FA+1406458]
	Ordinal0 [0x00E47976+1341814]
	Ordinal0 [0x00E236B6+1193654]
	Ordinal0 [0x00E24546+1197382]
	GetHandleVerifier [0x01109622+1619522]
	GetHandleVerifier [0x011B882C+2336844]
	GetHandleVerifier [0x010023E1+541697]
	GetHandleVerifier [0x01001443+537699]
	Ordinal0 [0x00F0D18E+2150798]
	Ordinal0 [0x00F11518+2168088]
	Ordinal0 [0x00F11660+2168416]
	Ordinal0 [0x00F1B330+2208560]
	BaseThreadInitThunk [0x76D66739+25]
	RtlGetFullPathName_UEx [0x77E28AFF+1215]
	RtlGetFullPathName_UEx [0x77E28ACD+1165]
</status>
</test>
<doc>checking logging variables</doc>
<status status="FAIL" starttime="20220129 02:40:52.456" endtime="20220129 02:40:56.189"/>
</suite>
<statistics>
<total>
<stat pass="0" fail="1" skip="0">All Tests</stat>
</total>
<tag>
</tag>
<suite>
<stat pass="0" fail="1" skip="0" id="s1" name="Facebook Login">Facebook Login</stat>
</suite>
</statistics>
<errors>
</errors>
</robot>
